[01m[K/home/varun/itchyimprovement/src/smb_highlevel_controller/src/SmbHighlevelController.cpp:[m[K In constructor â€˜[01m[Ksmb_highlevel_controller::SmbHighlevelController::SmbHighlevelController(ros::NodeHandle&)[m[Kâ€™:
[01m[K/home/varun/itchyimprovement/src/smb_highlevel_controller/src/SmbHighlevelController.cpp:6:7:[m[K [01;31m[Kerror: [m[Kclass â€˜[01m[Ksmb_highlevel_controller::SmbHighlevelController[m[Kâ€™ does not have any field named â€˜[01m[KnodeHandle[m[Kâ€™
    6 |     : [01;31m[KnodeHandle[m[K(nodeHandle) {
      |       [01;31m[K^~~~~~~~~~[m[K
[01m[K/home/varun/itchyimprovement/src/smb_highlevel_controller/src/SmbHighlevelController.cpp:18:34:[m[K [01;31m[Kerror: [m[Kâ€˜[01m[KLaserCallback[m[Kâ€™ is not a member of â€˜[01m[Ksmb_highlevel_controller::SmbHighlevelController[m[Kâ€™
   18 |         &SmbHighlevelController::[01;31m[KLaserCallback[m[K, this);
      |                                  [01;31m[K^~~~~~~~~~~~~[m[K
[01m[K/home/varun/itchyimprovement/src/smb_highlevel_controller/src/SmbHighlevelController.cpp:[m[K At global scope:
[01m[K/home/varun/itchyimprovement/src/smb_highlevel_controller/src/SmbHighlevelController.cpp:23:6:[m[K [01;31m[Kerror: [m[Kno declaration matches â€˜[01m[Kvoid smb_highlevel_controller::SmbHighlevelController::LaserCallback(const LaserScan&)[m[Kâ€™
   23 | void [01;31m[KSmbHighlevelController[m[K::LaserCallback(const sensor_msgs::LaserScan &msg) {
      |      [01;31m[K^~~~~~~~~~~~~~~~~~~~~~[m[K
[01m[K/home/varun/itchyimprovement/src/smb_highlevel_controller/src/SmbHighlevelController.cpp:23:6:[m[K [01;36m[Knote: [m[Kno functions named â€˜[01m[Kvoid smb_highlevel_controller::SmbHighlevelController::LaserCallback(const LaserScan&)[m[Kâ€™
In file included from [01m[K/home/varun/itchyimprovement/src/smb_highlevel_controller/src/SmbHighlevelController.cpp:1[m[K:
[01m[K/home/varun/itchyimprovement/src/smb_highlevel_controller/include/smb_highlevel_controller/SmbHighlevelController.hpp:12:7:[m[K [01;36m[Knote: [m[Kâ€˜[01m[Kclass smb_highlevel_controller::SmbHighlevelController[m[Kâ€™ defined here
   12 | class [01;36m[KSmbHighlevelController[m[K {
      |       [01;36m[K^~~~~~~~~~~~~~~~~~~~~~[m[K
make[2]: *** [CMakeFiles/smb_highlevel_controller.dir/build.make:90: CMakeFiles/smb_highlevel_controller.dir/src/SmbHighlevelController.cpp.o] Error 1
make[2]: *** Waiting for unfinished jobs....
make[1]: *** [CMakeFiles/Makefile2:943: CMakeFiles/smb_highlevel_controller.dir/all] Error 2
make: *** [Makefile:146: all] Error 2
